This file contains any messages produced by compilers while
running configure, to aid debugging if configure makes a mistake.

It was created by email configure 3.1.3, which was
generated by GNU Autoconf 2.61.  Invocation command line was

  $ ./configure --host=mips-linux --with-ssl --sysconfdir=/etc

## --------- ##
## Platform. ##
## --------- ##

hostname = xDSL-Server
uname -m = i686
uname -r = 3.2.0-48-generic-pae
uname -s = Linux
uname -v = #74-Ubuntu SMP Thu Jun 6 20:05:01 UTC 2013

/usr/bin/uname -p = unknown
/bin/uname -X     = unknown

/bin/arch              = unknown
/usr/bin/arch -k       = unknown
/usr/convex/getsysinfo = unknown
/usr/bin/hostinfo      = unknown
/bin/machine           = unknown
/usr/bin/oslevel       = unknown
/bin/universe          = unknown

PATH: /opt/trendchip/mips-linux-uclibc/usr/bin
PATH: /opt/brcm/hndtools-mipsel-uclibc/bin
PATH: /opt/brcm/hndtools-mipsel-linux/bin
PATH: /usr/local/sbin
PATH: /usr/local/bin
PATH: /usr/sbin
PATH: /usr/bin
PATH: /sbin
PATH: /bin
PATH: /usr/games


## ----------- ##
## Core tests. ##
## ----------- ##

configure:1721: checking for mips-linux-gcc
configure:1748: result: mips-linux-uclibc-gcc -mips32r2 -msoft-float
configure:2026: checking for C compiler version
configure:2033: mips-linux-uclibc-gcc -mips32r2 -msoft-float --version >&5
mips-linux-uclibc-gcc (GCC) 4.3.4
Copyright (C) 2008 Free Software Foundation, Inc.
This is free software; see the source for copying conditions.  There is NO
warranty; not even for MERCHANTABILITY or FITNESS FOR A PARTICULAR PURPOSE.

configure:2036: $? = 0
configure:2043: mips-linux-uclibc-gcc -mips32r2 -msoft-float -v >&5
Using built-in specs.
Target: mips-linux-uclibc
Configured with: /home/socsw_local/lino/toolchain/tc3262/buildroot-2009.11/output/toolchain/gcc-4.3.4/configure --prefix=/usr --build=i386-pc-linux-gnu --host=i386-pc-linux-gnu --target=mips-linux-uclibc --enable-languages=c,c++ --with-sysroot=/opt/trendchip/mips-linux-uclibc --with-build-time-tools=/opt/trendchip/mips-linux-uclibc/usr/mips-linux-uclibc/bin --disable-__cxa_atexit --enable-target-optspace --with-gnu-ld --disable-libssp --enable-tls --enable-shared --with-gmp=/home/socsw_local/lino/toolchain/tc3262/buildroot-2009.11/output/toolchain/gmp --with-mpfr=/home/socsw_local/lino/toolchain/tc3262/buildroot-2009.11/output/toolchain/mpfr --disable-nls --enable-threads --disable-multilib --disable-decimal-float --with-float=soft --with-abi=32 --with-tune=mips32r2
Thread model: posix
gcc version 4.3.4 (GCC) 
configure:2046: $? = 0
configure:2053: mips-linux-uclibc-gcc -mips32r2 -msoft-float -V >&5
mips-linux-uclibc-gcc: '-V' must come at the start of the command line
configure:2056: $? = 1
configure:2079: checking for C compiler default output file name
configure:2106: mips-linux-uclibc-gcc -mips32r2 -msoft-float    conftest.c  >&5
configure:2109: $? = 0
configure:2147: result: a.out
configure:2164: checking whether the C compiler works
configure:2174: ./a.out
./configure: line 2175: ./a.out: cannot execute binary file
configure:2177: $? = 126
configure:2194: result: yes
configure:2201: checking whether we are cross compiling
configure:2203: result: yes
configure:2206: checking for suffix of executables
configure:2213: mips-linux-uclibc-gcc -mips32r2 -msoft-float -o conftest    conftest.c  >&5
configure:2216: $? = 0
configure:2240: result: 
configure:2246: checking for suffix of object files
configure:2272: mips-linux-uclibc-gcc -mips32r2 -msoft-float -c   conftest.c >&5
configure:2275: $? = 0
configure:2298: result: o
configure:2302: checking whether we are using the GNU C compiler
configure:2331: mips-linux-uclibc-gcc -mips32r2 -msoft-float -c   conftest.c >&5
configure:2337: $? = 0
configure:2354: result: yes
configure:2359: checking whether mips-linux-uclibc-gcc -mips32r2 -msoft-float accepts -g
configure:2389: mips-linux-uclibc-gcc -mips32r2 -msoft-float -c -g  conftest.c >&5
configure:2395: $? = 0
configure:2494: result: yes
configure:2511: checking for mips-linux-uclibc-gcc -mips32r2 -msoft-float option to accept ISO C89
configure:2585: mips-linux-uclibc-gcc -mips32r2 -msoft-float  -c -g -O2  conftest.c >&5
configure:2591: $? = 0
configure:2614: result: none needed
configure:2632: checking whether make sets $(MAKE)
configure:2653: result: yes
configure:2687: checking for special C compiler options needed for large files
configure:2780: result: no
configure:2786: checking for _FILE_OFFSET_BITS value needed for large files
configure:2821: mips-linux-uclibc-gcc -mips32r2 -msoft-float -c -g -O2  conftest.c >&5
conftest.c:15: warning: left shift count >= width of type
conftest.c:15: warning: left shift count >= width of type
conftest.c:17: error: size of array 'off_t_is_large' is negative
configure:2827: $? = 1
configure: failed program was:
| /* confdefs.h.  */
| #define PACKAGE_NAME "email"
| #define PACKAGE_TARNAME "email"
| #define PACKAGE_VERSION "3.1.3"
| #define PACKAGE_STRING "email 3.1.3"
| #define PACKAGE_BUGREPORT "<deanjones@cleancode.org>"
| #define _GNU_SOURCE 1
| /* end confdefs.h.  */
| #include <sys/types.h>
|  /* Check that off_t can represent 2**63 - 1 correctly.
|     We can't simply define LARGE_OFF_T to be 9223372036854775807,
|     since some C++ compilers masquerading as C compilers
|     incorrectly reject 9223372036854775807.  */
| #define LARGE_OFF_T (((off_t) 1 << 62) - 1 + ((off_t) 1 << 62))
|   int off_t_is_large[(LARGE_OFF_T % 2147483629 == 721
| 		       && LARGE_OFF_T % 2147483647 == 1)
| 		      ? 1 : -1];
| int
| main ()
| {
| 
|   ;
|   return 0;
| }
configure:2871: mips-linux-uclibc-gcc -mips32r2 -msoft-float -c -g -O2  conftest.c >&5
configure:2877: $? = 0
configure:2895: result: 64
configure:3036: checking for library containing socket
configure:3077: mips-linux-uclibc-gcc -mips32r2 -msoft-float -o conftest -g -O2 -Wall -W   conftest.c  >&5
configure:3083: $? = 0
configure:3111: result: none required
configure:3119: checking for library containing sqrt
configure:3160: mips-linux-uclibc-gcc -mips32r2 -msoft-float -o conftest -g -O2 -Wall -W   conftest.c  >&5
conftest.c:17: warning: conflicting types for built-in function 'sqrt'
/tmp/ccKmfkUc.o: In function `main':
/home/javi/vdsl/releasebsp/merge_dsl-n55u-c1/apps/public/email-3.1.3/conftest.c:21: undefined reference to `sqrt'
collect2: ld returned 1 exit status
configure:3166: $? = 1
configure: failed program was:
| /* confdefs.h.  */
| #define PACKAGE_NAME "email"
| #define PACKAGE_TARNAME "email"
| #define PACKAGE_VERSION "3.1.3"
| #define PACKAGE_STRING "email 3.1.3"
| #define PACKAGE_BUGREPORT "<deanjones@cleancode.org>"
| #define _GNU_SOURCE 1
| #define _FILE_OFFSET_BITS 64
| /* end confdefs.h.  */
| 
| /* Override any GCC internal prototype to avoid an error.
|    Use char because int might match the return type of a GCC
|    builtin and then its argument prototype would still apply.  */
| #ifdef __cplusplus
| extern "C"
| #endif
| char sqrt ();
| int
| main ()
| {
| return sqrt ();
|   ;
|   return 0;
| }
configure:3160: mips-linux-uclibc-gcc -mips32r2 -msoft-float -o conftest -g -O2 -Wall -W   conftest.c -lm   >&5
conftest.c:17: warning: conflicting types for built-in function 'sqrt'
configure:3166: $? = 0
configure:3194: result: -lm
configure:3202: checking for library containing gethostbyname
configure:3243: mips-linux-uclibc-gcc -mips32r2 -msoft-float -o conftest -g -O2 -Wall -W   conftest.c -lm  >&5
configure:3249: $? = 0
configure:3277: result: none required
configure:3287: checking for SSL_library_init in -lssl
configure:3322: mips-linux-uclibc-gcc -mips32r2 -msoft-float -o conftest -g -O2 -Wall -W   conftest.c -lssl  -lm  >&5
/opt/trendchip/mips-linux-uclibc/usr/bin/../lib/gcc/mips-linux-uclibc/4.3.4/../../../../mips-linux-uclibc/bin/ld: cannot find -lssl
collect2: ld returned 1 exit status
configure:3328: $? = 1
configure: failed program was:
| /* confdefs.h.  */
| #define PACKAGE_NAME "email"
| #define PACKAGE_TARNAME "email"
| #define PACKAGE_VERSION "3.1.3"
| #define PACKAGE_STRING "email 3.1.3"
| #define PACKAGE_BUGREPORT "<deanjones@cleancode.org>"
| #define _GNU_SOURCE 1
| #define _FILE_OFFSET_BITS 64
| /* end confdefs.h.  */
| 
| /* Override any GCC internal prototype to avoid an error.
|    Use char because int might match the return type of a GCC
|    builtin and then its argument prototype would still apply.  */
| #ifdef __cplusplus
| extern "C"
| #endif
| char SSL_library_init ();
| int
| main ()
| {
| return SSL_library_init ();
|   ;
|   return 0;
| }
configure:3349: result: yes
configure:3360: checking for library containing X509_free
configure:3401: mips-linux-uclibc-gcc -mips32r2 -msoft-float -o conftest -g -O2 -Wall -W   conftest.c -lm  >&5
/tmp/cc40TGbL.o: In function `main':
/home/javi/vdsl/releasebsp/merge_dsl-n55u-c1/apps/public/email-3.1.3/conftest.c:22: undefined reference to `X509_free'
collect2: ld returned 1 exit status
configure:3407: $? = 1
configure: failed program was:
| /* confdefs.h.  */
| #define PACKAGE_NAME "email"
| #define PACKAGE_TARNAME "email"
| #define PACKAGE_VERSION "3.1.3"
| #define PACKAGE_STRING "email 3.1.3"
| #define PACKAGE_BUGREPORT "<deanjones@cleancode.org>"
| #define _GNU_SOURCE 1
| #define _FILE_OFFSET_BITS 64
| #define HAVE_LIBSSL 1
| /* end confdefs.h.  */
| 
| /* Override any GCC internal prototype to avoid an error.
|    Use char because int might match the return type of a GCC
|    builtin and then its argument prototype would still apply.  */
| #ifdef __cplusplus
| extern "C"
| #endif
| char X509_free ();
| int
| main ()
| {
| return X509_free ();
|   ;
|   return 0;
| }
configure:3401: mips-linux-uclibc-gcc -mips32r2 -msoft-float -o conftest -g -O2 -Wall -W   conftest.c -lcrypto  -lm  >&5
/opt/trendchip/mips-linux-uclibc/usr/bin/../lib/gcc/mips-linux-uclibc/4.3.4/../../../../mips-linux-uclibc/bin/ld: cannot find -lcrypto
collect2: ld returned 1 exit status
configure:3407: $? = 1
configure: failed program was:
| /* confdefs.h.  */
| #define PACKAGE_NAME "email"
| #define PACKAGE_TARNAME "email"
| #define PACKAGE_VERSION "3.1.3"
| #define PACKAGE_STRING "email 3.1.3"
| #define PACKAGE_BUGREPORT "<deanjones@cleancode.org>"
| #define _GNU_SOURCE 1
| #define _FILE_OFFSET_BITS 64
| #define HAVE_LIBSSL 1
| /* end confdefs.h.  */
| 
| /* Override any GCC internal prototype to avoid an error.
|    Use char because int might match the return type of a GCC
|    builtin and then its argument prototype would still apply.  */
| #ifdef __cplusplus
| extern "C"
| #endif
| char X509_free ();
| int
| main ()
| {
| return X509_free ();
|   ;
|   return 0;
| }
configure:3438: result: 
configure:3446: checking for library containing RAND_seed
configure:3487: mips-linux-uclibc-gcc -mips32r2 -msoft-float -o conftest -g -O2 -Wall -W   conftest.c  -lm  >&5
/tmp/cceG2LkZ.o: In function `main':
/home/javi/vdsl/releasebsp/merge_dsl-n55u-c1/apps/public/email-3.1.3/conftest.c:22: undefined reference to `RAND_seed'
collect2: ld returned 1 exit status
configure:3493: $? = 1
configure: failed program was:
| /* confdefs.h.  */
| #define PACKAGE_NAME "email"
| #define PACKAGE_TARNAME "email"
| #define PACKAGE_VERSION "3.1.3"
| #define PACKAGE_STRING "email 3.1.3"
| #define PACKAGE_BUGREPORT "<deanjones@cleancode.org>"
| #define _GNU_SOURCE 1
| #define _FILE_OFFSET_BITS 64
| #define HAVE_LIBSSL 1
| /* end confdefs.h.  */
| 
| /* Override any GCC internal prototype to avoid an error.
|    Use char because int might match the return type of a GCC
|    builtin and then its argument prototype would still apply.  */
| #ifdef __cplusplus
| extern "C"
| #endif
| char RAND_seed ();
| int
| main ()
| {
| return RAND_seed ();
|   ;
|   return 0;
| }
configure:3487: mips-linux-uclibc-gcc -mips32r2 -msoft-float -o conftest -g -O2 -Wall -W   conftest.c -lcrypto   -lm  >&5
/opt/trendchip/mips-linux-uclibc/usr/bin/../lib/gcc/mips-linux-uclibc/4.3.4/../../../../mips-linux-uclibc/bin/ld: cannot find -lcrypto
collect2: ld returned 1 exit status
configure:3493: $? = 1
configure: failed program was:
| /* confdefs.h.  */
| #define PACKAGE_NAME "email"
| #define PACKAGE_TARNAME "email"
| #define PACKAGE_VERSION "3.1.3"
| #define PACKAGE_STRING "email 3.1.3"
| #define PACKAGE_BUGREPORT "<deanjones@cleancode.org>"
| #define _GNU_SOURCE 1
| #define _FILE_OFFSET_BITS 64
| #define HAVE_LIBSSL 1
| /* end confdefs.h.  */
| 
| /* Override any GCC internal prototype to avoid an error.
|    Use char because int might match the return type of a GCC
|    builtin and then its argument prototype would still apply.  */
| #ifdef __cplusplus
| extern "C"
| #endif
| char RAND_seed ();
| int
| main ()
| {
| return RAND_seed ();
|   ;
|   return 0;
| }
configure:3524: result: 
configure:3542: checking how to run the C preprocessor
configure:3582: mips-linux-uclibc-gcc -mips32r2 -msoft-float -E  conftest.c
configure:3588: $? = 0
configure:3619: mips-linux-uclibc-gcc -mips32r2 -msoft-float -E  conftest.c
conftest.c:11:28: error: ac_nonexistent.h: No such file or directory
configure:3625: $? = 1
configure: failed program was:
| /* confdefs.h.  */
| #define PACKAGE_NAME "email"
| #define PACKAGE_TARNAME "email"
| #define PACKAGE_VERSION "3.1.3"
| #define PACKAGE_STRING "email 3.1.3"
| #define PACKAGE_BUGREPORT "<deanjones@cleancode.org>"
| #define _GNU_SOURCE 1
| #define _FILE_OFFSET_BITS 64
| #define HAVE_LIBSSL 1
| /* end confdefs.h.  */
| #include <ac_nonexistent.h>
configure:3658: result: mips-linux-uclibc-gcc -mips32r2 -msoft-float -E
configure:3687: mips-linux-uclibc-gcc -mips32r2 -msoft-float -E  conftest.c
configure:3693: $? = 0
configure:3724: mips-linux-uclibc-gcc -mips32r2 -msoft-float -E  conftest.c
conftest.c:11:28: error: ac_nonexistent.h: No such file or directory
configure:3730: $? = 1
configure: failed program was:
| /* confdefs.h.  */
| #define PACKAGE_NAME "email"
| #define PACKAGE_TARNAME "email"
| #define PACKAGE_VERSION "3.1.3"
| #define PACKAGE_STRING "email 3.1.3"
| #define PACKAGE_BUGREPORT "<deanjones@cleancode.org>"
| #define _GNU_SOURCE 1
| #define _FILE_OFFSET_BITS 64
| #define HAVE_LIBSSL 1
| /* end confdefs.h.  */
| #include <ac_nonexistent.h>
configure:3768: checking for grep that handles long lines and -e
configure:3842: result: /bin/grep
configure:3847: checking for egrep
configure:3925: result: /bin/grep -E
configure:3930: checking for ANSI C header files
configure:3960: mips-linux-uclibc-gcc -mips32r2 -msoft-float -c -g -O2 -Wall -W  conftest.c >&5
configure:3966: $? = 0
configure:4094: result: yes
configure:4104: checking for sys/wait.h that is POSIX.1 compatible
configure:4140: mips-linux-uclibc-gcc -mips32r2 -msoft-float -c -g -O2 -Wall -W  conftest.c >&5
configure:4146: $? = 0
configure:4161: result: yes
configure:4185: checking for sys/types.h
configure:4206: mips-linux-uclibc-gcc -mips32r2 -msoft-float -c -g -O2 -Wall -W  conftest.c >&5
configure:4212: $? = 0
configure:4228: result: yes
configure:4185: checking for sys/stat.h
configure:4206: mips-linux-uclibc-gcc -mips32r2 -msoft-float -c -g -O2 -Wall -W  conftest.c >&5
configure:4212: $? = 0
configure:4228: result: yes
configure:4185: checking for stdlib.h
configure:4206: mips-linux-uclibc-gcc -mips32r2 -msoft-float -c -g -O2 -Wall -W  conftest.c >&5
configure:4212: $? = 0
configure:4228: result: yes
configure:4185: checking for string.h
configure:4206: mips-linux-uclibc-gcc -mips32r2 -msoft-float -c -g -O2 -Wall -W  conftest.c >&5
configure:4212: $? = 0
configure:4228: result: yes
configure:4185: checking for memory.h
configure:4206: mips-linux-uclibc-gcc -mips32r2 -msoft-float -c -g -O2 -Wall -W  conftest.c >&5
configure:4212: $? = 0
configure:4228: result: yes
configure:4185: checking for strings.h
configure:4206: mips-linux-uclibc-gcc -mips32r2 -msoft-float -c -g -O2 -Wall -W  conftest.c >&5
configure:4212: $? = 0
configure:4228: result: yes
configure:4185: checking for inttypes.h
configure:4206: mips-linux-uclibc-gcc -mips32r2 -msoft-float -c -g -O2 -Wall -W  conftest.c >&5
configure:4212: $? = 0
configure:4228: result: yes
configure:4185: checking for stdint.h
configure:4206: mips-linux-uclibc-gcc -mips32r2 -msoft-float -c -g -O2 -Wall -W  conftest.c >&5
configure:4212: $? = 0
configure:4228: result: yes
configure:4185: checking for unistd.h
configure:4206: mips-linux-uclibc-gcc -mips32r2 -msoft-float -c -g -O2 -Wall -W  conftest.c >&5
configure:4212: $? = 0
configure:4228: result: yes
configure:4267: checking arpa/inet.h usability
configure:4284: mips-linux-uclibc-gcc -mips32r2 -msoft-float -c -g -O2 -Wall -W  conftest.c >&5
configure:4290: $? = 0
configure:4304: result: yes
configure:4308: checking arpa/inet.h presence
configure:4323: mips-linux-uclibc-gcc -mips32r2 -msoft-float -E  conftest.c
configure:4329: $? = 0
configure:4343: result: yes
configure:4376: checking for arpa/inet.h
configure:4384: result: yes
configure:4267: checking fcntl.h usability
configure:4284: mips-linux-uclibc-gcc -mips32r2 -msoft-float -c -g -O2 -Wall -W  conftest.c >&5
configure:4290: $? = 0
configure:4304: result: yes
configure:4308: checking fcntl.h presence
configure:4323: mips-linux-uclibc-gcc -mips32r2 -msoft-float -E  conftest.c
configure:4329: $? = 0
configure:4343: result: yes
configure:4376: checking for fcntl.h
configure:4384: result: yes
configure:4267: checking libintl.h usability
configure:4284: mips-linux-uclibc-gcc -mips32r2 -msoft-float -c -g -O2 -Wall -W  conftest.c >&5
conftest.c:57:21: error: libintl.h: No such file or directory
configure:4290: $? = 1
configure: failed program was:
| /* confdefs.h.  */
| #define PACKAGE_NAME "email"
| #define PACKAGE_TARNAME "email"
| #define PACKAGE_VERSION "3.1.3"
| #define PACKAGE_STRING "email 3.1.3"
| #define PACKAGE_BUGREPORT "<deanjones@cleancode.org>"
| #define _GNU_SOURCE 1
| #define _FILE_OFFSET_BITS 64
| #define HAVE_LIBSSL 1
| #define STDC_HEADERS 1
| #define HAVE_SYS_WAIT_H 1
| #define HAVE_SYS_TYPES_H 1
| #define HAVE_SYS_STAT_H 1
| #define HAVE_STDLIB_H 1
| #define HAVE_STRING_H 1
| #define HAVE_MEMORY_H 1
| #define HAVE_STRINGS_H 1
| #define HAVE_INTTYPES_H 1
| #define HAVE_STDINT_H 1
| #define HAVE_UNISTD_H 1
| #define HAVE_ARPA_INET_H 1
| #define HAVE_FCNTL_H 1
| /* end confdefs.h.  */
| #include <stdio.h>
| #ifdef HAVE_SYS_TYPES_H
| # include <sys/types.h>
| #endif
| #ifdef HAVE_SYS_STAT_H
| # include <sys/stat.h>
| #endif
| #ifdef STDC_HEADERS
| # include <stdlib.h>
| # include <stddef.h>
| #else
| # ifdef HAVE_STDLIB_H
| #  include <stdlib.h>
| # endif
| #endif
| #ifdef HAVE_STRING_H
| # if !defined STDC_HEADERS && defined HAVE_MEMORY_H
| #  include <memory.h>
| # endif
| # include <string.h>
| #endif
| #ifdef HAVE_STRINGS_H
| # include <strings.h>
| #endif
| #ifdef HAVE_INTTYPES_H
| # include <inttypes.h>
| #endif
| #ifdef HAVE_STDINT_H
| # include <stdint.h>
| #endif
| #ifdef HAVE_UNISTD_H
| # include <unistd.h>
| #endif
| #include <libintl.h>
configure:4304: result: no
configure:4308: checking libintl.h presence
configure:4323: mips-linux-uclibc-gcc -mips32r2 -msoft-float -E  conftest.c
conftest.c:24:21: error: libintl.h: No such file or directory
configure:4329: $? = 1
configure: failed program was:
| /* confdefs.h.  */
| #define PACKAGE_NAME "email"
| #define PACKAGE_TARNAME "email"
| #define PACKAGE_VERSION "3.1.3"
| #define PACKAGE_STRING "email 3.1.3"
| #define PACKAGE_BUGREPORT "<deanjones@cleancode.org>"
| #define _GNU_SOURCE 1
| #define _FILE_OFFSET_BITS 64
| #define HAVE_LIBSSL 1
| #define STDC_HEADERS 1
| #define HAVE_SYS_WAIT_H 1
| #define HAVE_SYS_TYPES_H 1
| #define HAVE_SYS_STAT_H 1
| #define HAVE_STDLIB_H 1
| #define HAVE_STRING_H 1
| #define HAVE_MEMORY_H 1
| #define HAVE_STRINGS_H 1
| #define HAVE_INTTYPES_H 1
| #define HAVE_STDINT_H 1
| #define HAVE_UNISTD_H 1
| #define HAVE_ARPA_INET_H 1
| #define HAVE_FCNTL_H 1
| /* end confdefs.h.  */
| #include <libintl.h>
configure:4343: result: no
configure:4376: checking for libintl.h
configure:4384: result: no
configure:4267: checking netdb.h usability
configure:4284: mips-linux-uclibc-gcc -mips32r2 -msoft-float -c -g -O2 -Wall -W  conftest.c >&5
configure:4290: $? = 0
configure:4304: result: yes
configure:4308: checking netdb.h presence
configure:4323: mips-linux-uclibc-gcc -mips32r2 -msoft-float -E  conftest.c
configure:4329: $? = 0
configure:4343: result: yes
configure:4376: checking for netdb.h
configure:4384: result: yes
configure:4267: checking netinet/in.h usability
configure:4284: mips-linux-uclibc-gcc -mips32r2 -msoft-float -c -g -O2 -Wall -W  conftest.c >&5
configure:4290: $? = 0
configure:4304: result: yes
configure:4308: checking netinet/in.h presence
configure:4323: mips-linux-uclibc-gcc -mips32r2 -msoft-float -E  conftest.c
configure:4329: $? = 0
configure:4343: result: yes
configure:4376: checking for netinet/in.h
configure:4384: result: yes
configure:4257: checking for stdlib.h
configure:4263: result: yes
configure:4257: checking for string.h
configure:4263: result: yes
configure:4257: checking for strings.h
configure:4263: result: yes
configure:4267: checking sys/ioctl.h usability
configure:4284: mips-linux-uclibc-gcc -mips32r2 -msoft-float -c -g -O2 -Wall -W  conftest.c >&5
configure:4290: $? = 0
configure:4304: result: yes
configure:4308: checking sys/ioctl.h presence
configure:4323: mips-linux-uclibc-gcc -mips32r2 -msoft-float -E  conftest.c
configure:4329: $? = 0
configure:4343: result: yes
configure:4376: checking for sys/ioctl.h
configure:4384: result: yes
configure:4267: checking sys/socket.h usability
configure:4284: mips-linux-uclibc-gcc -mips32r2 -msoft-float -c -g -O2 -Wall -W  conftest.c >&5
configure:4290: $? = 0
configure:4304: result: yes
configure:4308: checking sys/socket.h presence
configure:4323: mips-linux-uclibc-gcc -mips32r2 -msoft-float -E  conftest.c
configure:4329: $? = 0
configure:4343: result: yes
configure:4376: checking for sys/socket.h
configure:4384: result: yes
configure:4267: checking sys/time.h usability
configure:4284: mips-linux-uclibc-gcc -mips32r2 -msoft-float -c -g -O2 -Wall -W  conftest.c >&5
configure:4290: $? = 0
configure:4304: result: yes
configure:4308: checking sys/time.h presence
configure:4323: mips-linux-uclibc-gcc -mips32r2 -msoft-float -E  conftest.c
configure:4329: $? = 0
configure:4343: result: yes
configure:4376: checking for sys/time.h
configure:4384: result: yes
configure:4267: checking termios.h usability
configure:4284: mips-linux-uclibc-gcc -mips32r2 -msoft-float -c -g -O2 -Wall -W  conftest.c >&5
configure:4290: $? = 0
configure:4304: result: yes
configure:4308: checking termios.h presence
configure:4323: mips-linux-uclibc-gcc -mips32r2 -msoft-float -E  conftest.c
configure:4329: $? = 0
configure:4343: result: yes
configure:4376: checking for termios.h
configure:4384: result: yes
configure:4257: checking for unistd.h
configure:4263: result: yes
configure:4399: checking whether time.h and sys/time.h may both be included
configure:4429: mips-linux-uclibc-gcc -mips32r2 -msoft-float -c -g -O2 -Wall -W  conftest.c >&5
configure:4435: $? = 0
configure:4450: result: yes
configure:4460: checking whether struct tm is in sys/time.h or time.h
configure:4490: mips-linux-uclibc-gcc -mips32r2 -msoft-float -c -g -O2 -Wall -W  conftest.c >&5
configure:4496: $? = 0
configure:4511: result: time.h
configure:4523: checking for pid_t
configure:4553: mips-linux-uclibc-gcc -mips32r2 -msoft-float -c -g -O2 -Wall -W  conftest.c >&5
configure:4559: $? = 0
configure:4574: result: yes
configure:4601: checking vfork.h usability
configure:4618: mips-linux-uclibc-gcc -mips32r2 -msoft-float -c -g -O2 -Wall -W  conftest.c >&5
conftest.c:68:19: error: vfork.h: No such file or directory
configure:4624: $? = 1
configure: failed program was:
| /* confdefs.h.  */
| #define PACKAGE_NAME "email"
| #define PACKAGE_TARNAME "email"
| #define PACKAGE_VERSION "3.1.3"
| #define PACKAGE_STRING "email 3.1.3"
| #define PACKAGE_BUGREPORT "<deanjones@cleancode.org>"
| #define _GNU_SOURCE 1
| #define _FILE_OFFSET_BITS 64
| #define HAVE_LIBSSL 1
| #define STDC_HEADERS 1
| #define HAVE_SYS_WAIT_H 1
| #define HAVE_SYS_TYPES_H 1
| #define HAVE_SYS_STAT_H 1
| #define HAVE_STDLIB_H 1
| #define HAVE_STRING_H 1
| #define HAVE_MEMORY_H 1
| #define HAVE_STRINGS_H 1
| #define HAVE_INTTYPES_H 1
| #define HAVE_STDINT_H 1
| #define HAVE_UNISTD_H 1
| #define HAVE_ARPA_INET_H 1
| #define HAVE_FCNTL_H 1
| #define HAVE_NETDB_H 1
| #define HAVE_NETINET_IN_H 1
| #define HAVE_STDLIB_H 1
| #define HAVE_STRING_H 1
| #define HAVE_STRINGS_H 1
| #define HAVE_SYS_IOCTL_H 1
| #define HAVE_SYS_SOCKET_H 1
| #define HAVE_SYS_TIME_H 1
| #define HAVE_TERMIOS_H 1
| #define HAVE_UNISTD_H 1
| #define TIME_WITH_SYS_TIME 1
| /* end confdefs.h.  */
| #include <stdio.h>
| #ifdef HAVE_SYS_TYPES_H
| # include <sys/types.h>
| #endif
| #ifdef HAVE_SYS_STAT_H
| # include <sys/stat.h>
| #endif
| #ifdef STDC_HEADERS
| # include <stdlib.h>
| # include <stddef.h>
| #else
| # ifdef HAVE_STDLIB_H
| #  include <stdlib.h>
| # endif
| #endif
| #ifdef HAVE_STRING_H
| # if !defined STDC_HEADERS && defined HAVE_MEMORY_H
| #  include <memory.h>
| # endif
| # include <string.h>
| #endif
| #ifdef HAVE_STRINGS_H
| # include <strings.h>
| #endif
| #ifdef HAVE_INTTYPES_H
| # include <inttypes.h>
| #endif
| #ifdef HAVE_STDINT_H
| # include <stdint.h>
| #endif
| #ifdef HAVE_UNISTD_H
| # include <unistd.h>
| #endif
| #include <vfork.h>
configure:4638: result: no
configure:4642: checking vfork.h presence
configure:4657: mips-linux-uclibc-gcc -mips32r2 -msoft-float -E  conftest.c
conftest.c:35:19: error: vfork.h: No such file or directory
configure:4663: $? = 1
configure: failed program was:
| /* confdefs.h.  */
| #define PACKAGE_NAME "email"
| #define PACKAGE_TARNAME "email"
| #define PACKAGE_VERSION "3.1.3"
| #define PACKAGE_STRING "email 3.1.3"
| #define PACKAGE_BUGREPORT "<deanjones@cleancode.org>"
| #define _GNU_SOURCE 1
| #define _FILE_OFFSET_BITS 64
| #define HAVE_LIBSSL 1
| #define STDC_HEADERS 1
| #define HAVE_SYS_WAIT_H 1
| #define HAVE_SYS_TYPES_H 1
| #define HAVE_SYS_STAT_H 1
| #define HAVE_STDLIB_H 1
| #define HAVE_STRING_H 1
| #define HAVE_MEMORY_H 1
| #define HAVE_STRINGS_H 1
| #define HAVE_INTTYPES_H 1
| #define HAVE_STDINT_H 1
| #define HAVE_UNISTD_H 1
| #define HAVE_ARPA_INET_H 1
| #define HAVE_FCNTL_H 1
| #define HAVE_NETDB_H 1
| #define HAVE_NETINET_IN_H 1
| #define HAVE_STDLIB_H 1
| #define HAVE_STRING_H 1
| #define HAVE_STRINGS_H 1
| #define HAVE_SYS_IOCTL_H 1
| #define HAVE_SYS_SOCKET_H 1
| #define HAVE_SYS_TIME_H 1
| #define HAVE_TERMIOS_H 1
| #define HAVE_UNISTD_H 1
| #define TIME_WITH_SYS_TIME 1
| /* end confdefs.h.  */
| #include <vfork.h>
configure:4677: result: no
configure:4710: checking for vfork.h
configure:4718: result: no
configure:4736: checking for fork
configure:4792: mips-linux-uclibc-gcc -mips32r2 -msoft-float -o conftest -g -O2 -Wall -W   conftest.c   -lm  >&5
conftest.c:58: warning: conflicting types for built-in function 'fork'
configure:4798: $? = 0
configure:4816: result: yes
configure:4736: checking for vfork
configure:4792: mips-linux-uclibc-gcc -mips32r2 -msoft-float -o conftest -g -O2 -Wall -W   conftest.c   -lm  >&5
configure:4798: $? = 0
configure:4816: result: yes
configure:4827: checking for working fork
configure:4887: result: cross
configure:4903: WARNING: result yes guessed because of cross compilation
configure:4908: checking for working vfork
configure:5046: result: yes
configure:5078: checking whether mips-linux-uclibc-gcc -mips32r2 -msoft-float needs -traditional
configure:5120: result: no
configure:5132: checking for stdlib.h
configure:5138: result: yes
configure:5272: checking for GNU libc compatible malloc
configure:5334: result: no
configure:5367: checking for stdlib.h
configure:5373: result: yes
configure:5507: checking for GNU libc compatible realloc
configure:5569: result: no
configure:5597: checking return type of signal handlers
configure:5625: mips-linux-uclibc-gcc -mips32r2 -msoft-float -c -g -O2 -Wall -W  conftest.c >&5
conftest.c: In function 'main':
conftest.c:50: error: void value not ignored as it ought to be
configure:5631: $? = 1
configure: failed program was:
| /* confdefs.h.  */
| #define PACKAGE_NAME "email"
| #define PACKAGE_TARNAME "email"
| #define PACKAGE_VERSION "3.1.3"
| #define PACKAGE_STRING "email 3.1.3"
| #define PACKAGE_BUGREPORT "<deanjones@cleancode.org>"
| #define _GNU_SOURCE 1
| #define _FILE_OFFSET_BITS 64
| #define HAVE_LIBSSL 1
| #define STDC_HEADERS 1
| #define HAVE_SYS_WAIT_H 1
| #define HAVE_SYS_TYPES_H 1
| #define HAVE_SYS_STAT_H 1
| #define HAVE_STDLIB_H 1
| #define HAVE_STRING_H 1
| #define HAVE_MEMORY_H 1
| #define HAVE_STRINGS_H 1
| #define HAVE_INTTYPES_H 1
| #define HAVE_STDINT_H 1
| #define HAVE_UNISTD_H 1
| #define HAVE_ARPA_INET_H 1
| #define HAVE_FCNTL_H 1
| #define HAVE_NETDB_H 1
| #define HAVE_NETINET_IN_H 1
| #define HAVE_STDLIB_H 1
| #define HAVE_STRING_H 1
| #define HAVE_STRINGS_H 1
| #define HAVE_SYS_IOCTL_H 1
| #define HAVE_SYS_SOCKET_H 1
| #define HAVE_SYS_TIME_H 1
| #define HAVE_TERMIOS_H 1
| #define HAVE_UNISTD_H 1
| #define TIME_WITH_SYS_TIME 1
| #define HAVE_FORK 1
| #define HAVE_VFORK 1
| #define HAVE_WORKING_VFORK 1
| #define HAVE_WORKING_FORK 1
| #define HAVE_STDLIB_H 1
| #define HAVE_MALLOC 0
| #define HAVE_STDLIB_H 1
| #define HAVE_REALLOC 0
| #define realloc rpl_realloc
| /* end confdefs.h.  */
| #include <sys/types.h>
| #include <signal.h>
| 
| int
| main ()
| {
| return *(signal (0, 0)) (0) == 1;
|   ;
|   return 0;
| }
configure:5646: result: void
configure:5654: checking whether lstat dereferences a symlink specified with a trailing slash
configure:5725: result: no
configure:5744: checking whether stat accepts an empty string
configure:5802: result: yes
configure:5822: checking for strftime
configure:5878: mips-linux-uclibc-gcc -mips32r2 -msoft-float -o conftest -g -O2 -Wall -W   conftest.c   -lm  >&5
conftest.c:69: warning: conflicting types for built-in function 'strftime'
configure:5884: $? = 0
configure:5902: result: yes
configure:5987: checking for vprintf
configure:6043: mips-linux-uclibc-gcc -mips32r2 -msoft-float -o conftest -g -O2 -Wall -W   conftest.c   -lm  >&5
conftest.c:70: warning: conflicting types for built-in function 'vprintf'
configure:6049: $? = 0
configure:6067: result: yes
configure:6074: checking for _doprnt
configure:6130: mips-linux-uclibc-gcc -mips32r2 -msoft-float -o conftest -g -O2 -Wall -W   conftest.c   -lm  >&5
/tmp/ccqXoHj7.o: In function `main':
/home/javi/vdsl/releasebsp/merge_dsl-n55u-c1/apps/public/email-3.1.3/conftest.c:82: undefined reference to `_doprnt'
collect2: ld returned 1 exit status
configure:6136: $? = 1
configure: failed program was:
| /* confdefs.h.  */
| #define PACKAGE_NAME "email"
| #define PACKAGE_TARNAME "email"
| #define PACKAGE_VERSION "3.1.3"
| #define PACKAGE_STRING "email 3.1.3"
| #define PACKAGE_BUGREPORT "<deanjones@cleancode.org>"
| #define _GNU_SOURCE 1
| #define _FILE_OFFSET_BITS 64
| #define HAVE_LIBSSL 1
| #define STDC_HEADERS 1
| #define HAVE_SYS_WAIT_H 1
| #define HAVE_SYS_TYPES_H 1
| #define HAVE_SYS_STAT_H 1
| #define HAVE_STDLIB_H 1
| #define HAVE_STRING_H 1
| #define HAVE_MEMORY_H 1
| #define HAVE_STRINGS_H 1
| #define HAVE_INTTYPES_H 1
| #define HAVE_STDINT_H 1
| #define HAVE_UNISTD_H 1
| #define HAVE_ARPA_INET_H 1
| #define HAVE_FCNTL_H 1
| #define HAVE_NETDB_H 1
| #define HAVE_NETINET_IN_H 1
| #define HAVE_STDLIB_H 1
| #define HAVE_STRING_H 1
| #define HAVE_STRINGS_H 1
| #define HAVE_SYS_IOCTL_H 1
| #define HAVE_SYS_SOCKET_H 1
| #define HAVE_SYS_TIME_H 1
| #define HAVE_TERMIOS_H 1
| #define HAVE_UNISTD_H 1
| #define TIME_WITH_SYS_TIME 1
| #define HAVE_FORK 1
| #define HAVE_VFORK 1
| #define HAVE_WORKING_VFORK 1
| #define HAVE_WORKING_FORK 1
| #define HAVE_STDLIB_H 1
| #define HAVE_MALLOC 0
| #define HAVE_STDLIB_H 1
| #define HAVE_REALLOC 0
| #define realloc rpl_realloc
| #define RETSIGTYPE void
| #define HAVE_STAT_EMPTY_STRING_BUG 1
| #define HAVE_STRFTIME 1
| #define HAVE_VPRINTF 1
| /* end confdefs.h.  */
| /* Define _doprnt to an innocuous variant, in case <limits.h> declares _doprnt.
|    For example, HP-UX 11i <limits.h> declares gettimeofday.  */
| #define _doprnt innocuous__doprnt
| 
| /* System header to define __stub macros and hopefully few prototypes,
|     which can conflict with char _doprnt (); below.
|     Prefer <limits.h> to <assert.h> if __STDC__ is defined, since
|     <limits.h> exists even on freestanding compilers.  */
| 
| #ifdef __STDC__
| # include <limits.h>
| #else
| # include <assert.h>
| #endif
| 
| #undef _doprnt
| 
| /* Override any GCC internal prototype to avoid an error.
|    Use char because int might match the return type of a GCC
|    builtin and then its argument prototype would still apply.  */
| #ifdef __cplusplus
| extern "C"
| #endif
| char _doprnt ();
| /* The GNU C library defines this for functions which it implements
|     to always fail with ENOSYS.  Some functions are actually named
|     something starting with __ and the normal name is an alias.  */
| #if defined __stub__doprnt || defined __stub____doprnt
| choke me
| #endif
| 
| int
| main ()
| {
| return _doprnt ();
|   ;
|   return 0;
| }
configure:6153: result: no
configure:6183: checking for gethostbyname
configure:6239: mips-linux-uclibc-gcc -mips32r2 -msoft-float -o conftest -g -O2 -Wall -W   conftest.c   -lm  >&5
configure:6245: $? = 0
configure:6263: result: yes
configure:6183: checking for gethostname
configure:6239: mips-linux-uclibc-gcc -mips32r2 -msoft-float -o conftest -g -O2 -Wall -W   conftest.c   -lm  >&5
configure:6245: $? = 0
configure:6263: result: yes
configure:6183: checking for getpass
configure:6239: mips-linux-uclibc-gcc -mips32r2 -msoft-float -o conftest -g -O2 -Wall -W   conftest.c   -lm  >&5
configure:6245: $? = 0
configure:6263: result: yes
configure:6183: checking for gettimeofday
configure:6239: mips-linux-uclibc-gcc -mips32r2 -msoft-float -o conftest -g -O2 -Wall -W   conftest.c   -lm  >&5
configure:6245: $? = 0
configure:6263: result: yes
configure:6183: checking for memset
configure:6239: mips-linux-uclibc-gcc -mips32r2 -msoft-float -o conftest -g -O2 -Wall -W   conftest.c   -lm  >&5
conftest.c:75: warning: conflicting types for built-in function 'memset'
configure:6245: $? = 0
configure:6263: result: yes
configure:6183: checking for putenv
configure:6239: mips-linux-uclibc-gcc -mips32r2 -msoft-float -o conftest -g -O2 -Wall -W   conftest.c   -lm  >&5
configure:6245: $? = 0
configure:6263: result: yes
configure:6183: checking for socket
configure:6239: mips-linux-uclibc-gcc -mips32r2 -msoft-float -o conftest -g -O2 -Wall -W   conftest.c   -lm  >&5
configure:6245: $? = 0
configure:6263: result: yes
configure:6183: checking for sqrt
configure:6239: mips-linux-uclibc-gcc -mips32r2 -msoft-float -o conftest -g -O2 -Wall -W   conftest.c   -lm  >&5
conftest.c:78: warning: conflicting types for built-in function 'sqrt'
configure:6245: $? = 0
configure:6263: result: yes
configure:6183: checking for strcasecmp
configure:6239: mips-linux-uclibc-gcc -mips32r2 -msoft-float -o conftest -g -O2 -Wall -W   conftest.c   -lm  >&5
conftest.c:79: warning: conflicting types for built-in function 'strcasecmp'
configure:6245: $? = 0
configure:6263: result: yes
configure:6183: checking for strchr
configure:6239: mips-linux-uclibc-gcc -mips32r2 -msoft-float -o conftest -g -O2 -Wall -W   conftest.c   -lm  >&5
conftest.c:80: warning: conflicting types for built-in function 'strchr'
configure:6245: $? = 0
configure:6263: result: yes
configure:6183: checking for strerror
configure:6239: mips-linux-uclibc-gcc -mips32r2 -msoft-float -o conftest -g -O2 -Wall -W   conftest.c   -lm  >&5
configure:6245: $? = 0
configure:6263: result: yes
configure:6183: checking for strrchr
configure:6239: mips-linux-uclibc-gcc -mips32r2 -msoft-float -o conftest -g -O2 -Wall -W   conftest.c   -lm  >&5
conftest.c:82: warning: conflicting types for built-in function 'strrchr'
configure:6245: $? = 0
configure:6263: result: yes
configure:6183: checking for uname
configure:6239: mips-linux-uclibc-gcc -mips32r2 -msoft-float -o conftest -g -O2 -Wall -W   conftest.c   -lm  >&5
configure:6245: $? = 0
configure:6263: result: yes
configure:6393: creating ./config.status

## ---------------------- ##
## Running config.status. ##
## ---------------------- ##

This file was extended by email config.status 3.1.3, which was
generated by GNU Autoconf 2.61.  Invocation command line was

  CONFIG_FILES    = 
  CONFIG_HEADERS  = 
  CONFIG_LINKS    = 
  CONFIG_COMMANDS = 
  $ ./config.status 

on xDSL-Server

config.status:596: creating Makefile
config.status:596: creating src/Makefile
config.status:596: creating email.help
config.status:596: creating email.1
config.status:596: creating include/config.h
config.status:860: include/config.h is unchanged

## ---------------- ##
## Cache variables. ##
## ---------------- ##

ac_cv_c_compiler_gnu=yes
ac_cv_env_CC_set=set
ac_cv_env_CC_value='mips-linux-uclibc-gcc -mips32r2 -msoft-float'
ac_cv_env_CFLAGS_set=
ac_cv_env_CFLAGS_value=
ac_cv_env_CPPFLAGS_set=
ac_cv_env_CPPFLAGS_value=
ac_cv_env_CPP_set=
ac_cv_env_CPP_value=
ac_cv_env_LDFLAGS_set=
ac_cv_env_LDFLAGS_value=
ac_cv_env_LIBS_set=
ac_cv_env_LIBS_value=
ac_cv_env_build_alias_set=
ac_cv_env_build_alias_value=
ac_cv_env_host_alias_set=set
ac_cv_env_host_alias_value=mips-linux
ac_cv_env_target_alias_set=
ac_cv_env_target_alias_value=
ac_cv_func__doprnt=no
ac_cv_func_fork=yes
ac_cv_func_fork_works=yes
ac_cv_func_gethostbyname=yes
ac_cv_func_gethostname=yes
ac_cv_func_getpass=yes
ac_cv_func_gettimeofday=yes
ac_cv_func_lstat_dereferences_slashed_symlink=no
ac_cv_func_malloc_0_nonnull=no
ac_cv_func_memset=yes
ac_cv_func_putenv=yes
ac_cv_func_realloc_0_nonnull=no
ac_cv_func_socket=yes
ac_cv_func_sqrt=yes
ac_cv_func_stat_empty_string_bug=yes
ac_cv_func_strcasecmp=yes
ac_cv_func_strchr=yes
ac_cv_func_strerror=yes
ac_cv_func_strftime=yes
ac_cv_func_strrchr=yes
ac_cv_func_uname=yes
ac_cv_func_vfork=yes
ac_cv_func_vfork_works=yes
ac_cv_func_vprintf=yes
ac_cv_header_arpa_inet_h=yes
ac_cv_header_fcntl_h=yes
ac_cv_header_inttypes_h=yes
ac_cv_header_libintl_h=no
ac_cv_header_memory_h=yes
ac_cv_header_netdb_h=yes
ac_cv_header_netinet_in_h=yes
ac_cv_header_stdc=yes
ac_cv_header_stdint_h=yes
ac_cv_header_stdlib_h=yes
ac_cv_header_string_h=yes
ac_cv_header_strings_h=yes
ac_cv_header_sys_ioctl_h=yes
ac_cv_header_sys_socket_h=yes
ac_cv_header_sys_stat_h=yes
ac_cv_header_sys_time_h=yes
ac_cv_header_sys_types_h=yes
ac_cv_header_sys_wait_h=yes
ac_cv_header_termios_h=yes
ac_cv_header_time=yes
ac_cv_header_unistd_h=yes
ac_cv_header_vfork_h=no
ac_cv_lib_ssl_SSL_library_init=yes
ac_cv_objext=o
ac_cv_path_EGREP='/bin/grep -E'
ac_cv_path_GREP=/bin/grep
ac_cv_prog_CC='mips-linux-uclibc-gcc -mips32r2 -msoft-float'
ac_cv_prog_CPP='mips-linux-uclibc-gcc -mips32r2 -msoft-float -E'
ac_cv_prog_cc_c89=
ac_cv_prog_cc_g=yes
ac_cv_prog_gcc_traditional=no
ac_cv_prog_make_make_set=yes
ac_cv_search_RAND_seed=
ac_cv_search_X509_free=
ac_cv_search_gethostbyname='none required'
ac_cv_search_socket='none required'
ac_cv_search_sqrt=-lm
ac_cv_struct_tm=time.h
ac_cv_sys_file_offset_bits=64
ac_cv_sys_largefile_CC=no
ac_cv_type_pid_t=yes
ac_cv_type_signal=void

## ----------------- ##
## Output variables. ##
## ----------------- ##

CC='mips-linux-uclibc-gcc -mips32r2 -msoft-float'
CFLAGS='-g -O2 -Wall -W -I/home/javi/vdsl/releasebsp/merge_dsl-n55u-c1/apps/public/email-3.1.3 -I/home/javi/vdsl/releasebsp/merge_dsl-n55u-c1/apps/public/email-3.1.3/src -I/home/javi/vdsl/releasebsp/merge_dsl-n55u-c1/apps/public/email-3.1.3/include -I../include -I/home/javi/vdsl/releasebsp/merge_dsl-n55u-c1/apps/public/email-3.1.3/dlib/include -I../dlib/include -DEMAIL_VERSION='\''"3.1.3"'\'' -DCOMPILE_DATE='\''"10/31/2010-01:13:35PM_EDT"'\'' -DEMAIL_DIR='\''"/etc/email"'\'''
CPP='mips-linux-uclibc-gcc -mips32r2 -msoft-float -E'
CPPFLAGS=''
DEFS='-DHAVE_CONFIG_H'
ECHO_C=''
ECHO_N='-n'
ECHO_T=''
EGREP='/bin/grep -E'
EXEEXT=''
GREP='/bin/grep'
LDFLAGS=''
LIBOBJS=' ${LIBOBJDIR}malloc$U.o ${LIBOBJDIR}realloc$U.o ${LIBOBJDIR}lstat$U.o ${LIBOBJDIR}stat$U.o'
LIBS='  -lm '
LTLIBOBJS=' ${LIBOBJDIR}malloc$U.lo ${LIBOBJDIR}realloc$U.lo ${LIBOBJDIR}lstat$U.lo ${LIBOBJDIR}stat$U.lo'
OBJEXT='o'
PACKAGE_BUGREPORT='<deanjones@cleancode.org>'
PACKAGE_NAME='email'
PACKAGE_STRING='email 3.1.3'
PACKAGE_TARNAME='email'
PACKAGE_VERSION='3.1.3'
PATH_SEPARATOR=':'
SET_MAKE=''
SHELL='/bin/bash'
ac_ct_CC=''
bindir='${exec_prefix}/bin'
build_alias=''
datadir='${datarootdir}'
datarootdir='${prefix}/share'
docdir='${datarootdir}/doc/${PACKAGE_TARNAME}'
dvidir='${docdir}'
exec_prefix='${prefix}'
host_alias='mips-linux'
htmldir='${docdir}'
includedir='${prefix}/include'
infodir='${datarootdir}/info'
libdir='${exec_prefix}/lib'
libexecdir='${exec_prefix}/libexec'
localedir='${datarootdir}/locale'
localstatedir='${prefix}/var'
mandir='${datarootdir}/man'
oldincludedir='/usr/include'
pdfdir='${docdir}'
prefix='/usr/local'
program_transform_name='s,x,x,'
psdir='${docdir}'
sbindir='${exec_prefix}/sbin'
sharedstatedir='${prefix}/com'
sysconfdir='/etc'
target_alias=''
ver='3.1.3'

## ----------- ##
## confdefs.h. ##
## ----------- ##

#define PACKAGE_NAME "email"
#define PACKAGE_TARNAME "email"
#define PACKAGE_VERSION "3.1.3"
#define PACKAGE_STRING "email 3.1.3"
#define PACKAGE_BUGREPORT "<deanjones@cleancode.org>"
#define _GNU_SOURCE 1
#define _FILE_OFFSET_BITS 64
#define HAVE_LIBSSL 1
#define STDC_HEADERS 1
#define HAVE_SYS_WAIT_H 1
#define HAVE_SYS_TYPES_H 1
#define HAVE_SYS_STAT_H 1
#define HAVE_STDLIB_H 1
#define HAVE_STRING_H 1
#define HAVE_MEMORY_H 1
#define HAVE_STRINGS_H 1
#define HAVE_INTTYPES_H 1
#define HAVE_STDINT_H 1
#define HAVE_UNISTD_H 1
#define HAVE_ARPA_INET_H 1
#define HAVE_FCNTL_H 1
#define HAVE_NETDB_H 1
#define HAVE_NETINET_IN_H 1
#define HAVE_STDLIB_H 1
#define HAVE_STRING_H 1
#define HAVE_STRINGS_H 1
#define HAVE_SYS_IOCTL_H 1
#define HAVE_SYS_SOCKET_H 1
#define HAVE_SYS_TIME_H 1
#define HAVE_TERMIOS_H 1
#define HAVE_UNISTD_H 1
#define TIME_WITH_SYS_TIME 1
#define HAVE_FORK 1
#define HAVE_VFORK 1
#define HAVE_WORKING_VFORK 1
#define HAVE_WORKING_FORK 1
#define HAVE_STDLIB_H 1
#define HAVE_MALLOC 0
#define HAVE_STDLIB_H 1
#define HAVE_REALLOC 0
#define realloc rpl_realloc
#define RETSIGTYPE void
#define HAVE_STAT_EMPTY_STRING_BUG 1
#define HAVE_STRFTIME 1
#define HAVE_VPRINTF 1
#define HAVE_GETHOSTBYNAME 1
#define HAVE_GETHOSTNAME 1
#define HAVE_GETPASS 1
#define HAVE_GETTIMEOFDAY 1
#define HAVE_MEMSET 1
#define HAVE_PUTENV 1
#define HAVE_SOCKET 1
#define HAVE_SQRT 1
#define HAVE_STRCASECMP 1
#define HAVE_STRCHR 1
#define HAVE_STRERROR 1
#define HAVE_STRRCHR 1
#define HAVE_UNAME 1

configure: exit 0
